<?xml version="1.0" encoding="UTF-8"?>
<!-- Generated by org.testng.reporters.JUnitReportReporter -->
<testsuite hostname="DESKTOP-631K77G" failures="0" tests="2" name="com.Test.FacebookTest" time="16.110" errors="0" timestamp="06 Mar 2019 18:26:15 GMT" skipped="0">
  <testcase classname="com.Test.FacebookTest" name="facebookTitle" time="5.735"/>
  <testcase classname="com.Test.FacebookTest" name="signUpLinkTest" time="10.375"/>
</testsuite> <!-- com.Test.FacebookTest -->
